{"level":"info","message":"Dashboard overview retrieved","service":"feature-flag-service","timeRange":"30d","timestamp":"2025-07-13 14:59:36","totalApps":2,"totalEvaluations":6,"userId":1}
{"appId":null,"avgResponseTime":100.33,"level":"info","message":"Performance metrics retrieved","service":"feature-flag-service","timeRange":"30d","timestamp":"2025-07-13 14:59:36","userId":1}
{"level":"info","message":"Comprehensive dashboard retrieved","service":"feature-flag-service","timeRange":"30d","timestamp":"2025-07-13 14:59:36","totalApps":2,"totalEvaluations":6,"userId":1}
{"level":"info","message":"Server running on port 3001","service":"feature-flag-service","timestamp":"2025-07-13 15:24:10"}
{"level":"info","message":"Environment: development","service":"feature-flag-service","timestamp":"2025-07-13 15:24:10"}
{"error":"flagId is required","flagId":null,"level":"error","message":"Failed to get flag analytics","service":"feature-flag-service","stack":"Error: flagId is required\n    at AnalyticsService.getFlagAnalytics (C:\\Users\\Kunaal\\Documents\\GitHub\\Feature Flag\\backend\\src\\services\\analyticsService.js:398:15)\n    at getFlagAnalytics (C:\\Users\\Kunaal\\Documents\\GitHub\\Feature Flag\\backend\\src\\controllers\\analyticsController.js:464:48)\n    at Layer.handle [as handle_request] (C:\\Users\\Kunaal\\Documents\\GitHub\\Feature Flag\\backend\\node_modules\\express\\lib\\router\\layer.js:95:5)\n    at next (C:\\Users\\Kunaal\\Documents\\GitHub\\Feature Flag\\backend\\node_modules\\express\\lib\\router\\route.js:144:13)\n    at middleware (C:\\Users\\Kunaal\\Documents\\GitHub\\Feature Flag\\backend\\node_modules\\express-validator\\lib\\middlewares\\check.js:16:13)\n    at process.processTicksAndRejections (node:internal/process/task_queues:95:5)","timeRange":"7d","timestamp":"2025-07-13 15:24:19"}
{"level":"info","message":"Server running on port 3001","service":"feature-flag-service","timestamp":"2025-07-13 15:26:15"}
{"level":"info","message":"Environment: development","service":"feature-flag-service","timestamp":"2025-07-13 15:26:15"}
{"flagId":9,"level":"warn","message":"getFlagTrends is deprecated. Use getEvaluationTimeSeries instead.","service":"feature-flag-service","timeRange":"7d","timestamp":"2025-07-13 15:26:19"}
{"level":"info","message":"Connected to PostgreSQL database","service":"feature-flag-service","timestamp":"2025-07-13 15:26:19"}
{"flagId":9,"level":"info","message":"Flag stats retrieved","service":"feature-flag-service","timeRange":"7d","timestamp":"2025-07-13 15:26:19","totalEvaluations":1}
{"level":"info","message":"Server running on port 3001","service":"feature-flag-service","timestamp":"2025-07-13 15:27:42"}
{"level":"info","message":"Environment: development","service":"feature-flag-service","timestamp":"2025-07-13 15:27:42"}
{"level":"info","message":"Connected to PostgreSQL database","service":"feature-flag-service","timestamp":"2025-07-13 15:27:45"}
{"flagId":9,"level":"info","message":"Flag stats retrieved","service":"feature-flag-service","timeRange":"7d","timestamp":"2025-07-13 15:27:45","totalEvaluations":1}
{"level":"info","message":"Server running on port 3001","service":"feature-flag-service","timestamp":"2025-07-13 15:29:15"}
{"level":"info","message":"Environment: development","service":"feature-flag-service","timestamp":"2025-07-13 15:29:15"}
{"ip":"::1","level":"error","message":"Error: Not found - /api/analytics/flags/9/t","method":"GET","service":"feature-flag-service","stack":"Error: Not found - /api/analytics/flags/9/t\n    at notFound (C:\\Users\\Kunaal\\Documents\\GitHub\\Feature Flag\\backend\\src\\middleware\\errorHandler.js:65:17)\n    at Layer.handle [as handle_request] (C:\\Users\\Kunaal\\Documents\\GitHub\\Feature Flag\\backend\\node_modules\\express\\lib\\router\\layer.js:95:5)\n    at trim_prefix (C:\\Users\\Kunaal\\Documents\\GitHub\\Feature Flag\\backend\\node_modules\\express\\lib\\router\\index.js:328:13)\n    at C:\\Users\\Kunaal\\Documents\\GitHub\\Feature Flag\\backend\\node_modules\\express\\lib\\router\\index.js:286:9\n    at Function.process_params (C:\\Users\\Kunaal\\Documents\\GitHub\\Feature Flag\\backend\\node_modules\\express\\lib\\router\\index.js:346:12)\n    at next (C:\\Users\\Kunaal\\Documents\\GitHub\\Feature Flag\\backend\\node_modules\\express\\lib\\router\\index.js:280:10)\n    at C:\\Users\\Kunaal\\Documents\\GitHub\\Feature Flag\\backend\\node_modules\\express\\lib\\router\\index.js:646:15\n    at next (C:\\Users\\Kunaal\\Documents\\GitHub\\Feature Flag\\backend\\node_modules\\express\\lib\\router\\index.js:265:14)\n    at C:\\Users\\Kunaal\\Documents\\GitHub\\Feature Flag\\backend\\node_modules\\express-rate-limit\\dist\\index.cjs:635:7\n    at process.processTicksAndRejections (node:internal/process/task_queues:95:5)","timestamp":"2025-07-13 15:29:26","url":"/api/analytics/flags/9/t","userAgent":"PostmanRuntime/7.44.1"}
{"flagId":9,"level":"warn","message":"getFlagTrends is deprecated. Use getEvaluationTimeSeries instead.","service":"feature-flag-service","timeRange":"7d","timestamp":"2025-07-13 15:29:30"}
{"ip":"::1","level":"error","message":"Error: Not found - /api/analytics/flags/9/chartt","method":"GET","service":"feature-flag-service","stack":"Error: Not found - /api/analytics/flags/9/chartt\n    at notFound (C:\\Users\\Kunaal\\Documents\\GitHub\\Feature Flag\\backend\\src\\middleware\\errorHandler.js:65:17)\n    at Layer.handle [as handle_request] (C:\\Users\\Kunaal\\Documents\\GitHub\\Feature Flag\\backend\\node_modules\\express\\lib\\router\\layer.js:95:5)\n    at trim_prefix (C:\\Users\\Kunaal\\Documents\\GitHub\\Feature Flag\\backend\\node_modules\\express\\lib\\router\\index.js:328:13)\n    at C:\\Users\\Kunaal\\Documents\\GitHub\\Feature Flag\\backend\\node_modules\\express\\lib\\router\\index.js:286:9\n    at Function.process_params (C:\\Users\\Kunaal\\Documents\\GitHub\\Feature Flag\\backend\\node_modules\\express\\lib\\router\\index.js:346:12)\n    at next (C:\\Users\\Kunaal\\Documents\\GitHub\\Feature Flag\\backend\\node_modules\\express\\lib\\router\\index.js:280:10)\n    at C:\\Users\\Kunaal\\Documents\\GitHub\\Feature Flag\\backend\\node_modules\\express\\lib\\router\\index.js:646:15\n    at next (C:\\Users\\Kunaal\\Documents\\GitHub\\Feature Flag\\backend\\node_modules\\express\\lib\\router\\index.js:265:14)\n    at C:\\Users\\Kunaal\\Documents\\GitHub\\Feature Flag\\backend\\node_modules\\express-rate-limit\\dist\\index.cjs:635:7\n    at process.processTicksAndRejections (node:internal/process/task_queues:95:5)","timestamp":"2025-07-13 15:29:50","url":"/api/analytics/flags/9/chartt","userAgent":"PostmanRuntime/7.44.1"}
{"level":"info","message":"Connected to PostgreSQL database","service":"feature-flag-service","timestamp":"2025-07-13 15:29:54"}
{"dataPoints":1,"level":"info","message":"Evaluation time series retrieved","options":{"flagId":9,"granularity":"hour","timeRange":"7d"},"service":"feature-flag-service","timestamp":"2025-07-13 15:29:54","userId":1}
{"level":"info","message":"Server running on port 3001","service":"feature-flag-service","timestamp":"2025-07-13 15:30:44"}
{"level":"info","message":"Environment: development","service":"feature-flag-service","timestamp":"2025-07-13 15:30:44"}
{"level":"info","message":"Connected to PostgreSQL database","service":"feature-flag-service","timestamp":"2025-07-13 15:31:04"}
{"activitiesCount":6,"level":"info","message":"Recent activity retrieved","options":{"limit":50},"service":"feature-flag-service","timestamp":"2025-07-13 15:31:04","userId":1}
{"level":"info","message":"Server running on port 3001","service":"feature-flag-service","timestamp":"2025-07-13 15:32:59"}
{"level":"info","message":"Environment: development","service":"feature-flag-service","timestamp":"2025-07-13 15:32:59"}
{"level":"info","message":"Connected to PostgreSQL database","service":"feature-flag-service","timestamp":"2025-07-13 15:39:32"}
{"flagId":9,"level":"info","message":"Flag stats retrieved","service":"feature-flag-service","timeRange":"7d","timestamp":"2025-07-13 15:39:32","totalEvaluations":1}
{"flagId":10,"level":"info","message":"Flag stats retrieved","service":"feature-flag-service","timeRange":"7d","timestamp":"2025-07-13 15:39:42","totalEvaluations":0}
{"flagId":11,"level":"info","message":"Flag stats retrieved","service":"feature-flag-service","timeRange":"7d","timestamp":"2025-07-13 15:39:47","totalEvaluations":0}
{"flagId":12,"level":"info","message":"Flag stats retrieved","service":"feature-flag-service","timeRange":"7d","timestamp":"2025-07-13 15:39:51","totalEvaluations":0}
{"flagId":13,"level":"info","message":"Flag stats retrieved","service":"feature-flag-service","timeRange":"7d","timestamp":"2025-07-13 15:39:54","totalEvaluations":0}
{"flagId":8,"level":"info","message":"Flag stats retrieved","service":"feature-flag-service","timeRange":"7d","timestamp":"2025-07-13 15:40:00","totalEvaluations":2}
{"flagId":7,"level":"info","message":"Flag stats retrieved","service":"feature-flag-service","timeRange":"7d","timestamp":"2025-07-13 15:40:05","totalEvaluations":3}
